Removed Pin From Net: NetName=ADC_AVDD Pin=J3-1
Removed Pin From Net: NetName=GND Pin=J3-2
Removed Pin From Net: NetName=GPIO0 Pin=J3-3
Removed Pin From Net: NetName=GND Pin=J3-4
Removed Pin From Net: NetName=GPIO1 Pin=J3-5
Removed Pin From Net: NetName=GND Pin=J3-6
Removed Pin From Net: NetName=GPIO2 Pin=J3-7
Removed Pin From Net: NetName=GND Pin=J3-8
Removed Pin From Net: NetName=GPIO3 Pin=J3-9
Removed Pin From Net: NetName=GND Pin=J3-10
Removed Pin From Net: NetName=GPIO4 Pin=J3-11
Removed Pin From Net: NetName=GND Pin=J3-12
Removed Pin From Net: NetName=GPIO5 Pin=J3-13
Removed Pin From Net: NetName=GND Pin=J3-14
Removed Pin From Net: NetName=GPIO6 Pin=J3-15
Removed Pin From Net: NetName=GND Pin=J3-16
Removed Pin From Net: NetName=GPIO7 Pin=J3-17
Removed Pin From Net: NetName=GND Pin=J3-18
Removed Pin From Net: NetName=GPIO8 Pin=J3-19
Removed Pin From Net: NetName=GND Pin=J3-20
Removed Pin From Net: NetName=GPIO9 Pin=J3-21
Removed Pin From Net: NetName=GND Pin=J3-22
Removed Pin From Net: NetName=GPIO10 Pin=J3-23
Removed Pin From Net: NetName=GND Pin=J3-24
Removed Pin From Net: NetName=GPIO11 Pin=J3-25
Removed Pin From Net: NetName=GND Pin=J3-26
Removed Pin From Net: NetName=GPIO12 Pin=J3-27
Removed Pin From Net: NetName=GND Pin=J3-28
Removed Pin From Net: NetName=GPIO13 Pin=J3-29
Removed Pin From Net: NetName=GND Pin=J3-30
Removed Pin From Net: NetName=GPIO14 Pin=J3-31
Removed Pin From Net: NetName=GND Pin=J3-32
Removed Pin From Net: NetName=GPIO15 Pin=J3-33
Removed Pin From Net: NetName=GND Pin=J3-34
Removed Pin From Net: NetName=GND Pin=J4-1
Removed Pin From Net: NetName=GPIO29 Pin=J4-2
Removed Pin From Net: NetName=GND Pin=J4-3
Removed Pin From Net: NetName=GPIO28 Pin=J4-4
Removed Pin From Net: NetName=GND Pin=J4-5
Removed Pin From Net: NetName=GPIO27 Pin=J4-6
Removed Pin From Net: NetName=GND Pin=J4-7
Removed Pin From Net: NetName=GPIO26 Pin=J4-8
Removed Pin From Net: NetName=GND Pin=J4-9
Removed Pin From Net: NetName=GPIO25 Pin=J4-10
Removed Pin From Net: NetName=GND Pin=J4-11
Removed Pin From Net: NetName=GPIO24 Pin=J4-12
Removed Pin From Net: NetName=GND Pin=J4-13
Removed Pin From Net: NetName=GPIO23 Pin=J4-14
Removed Pin From Net: NetName=GND Pin=J4-15
Removed Pin From Net: NetName=GPIO22 Pin=J4-16
Removed Pin From Net: NetName=GND Pin=J4-17
Removed Pin From Net: NetName=GPIO21 Pin=J4-18
Removed Pin From Net: NetName=GND Pin=J4-19
Removed Pin From Net: NetName=GPIO20 Pin=J4-20
Removed Pin From Net: NetName=GND Pin=J4-21
Removed Pin From Net: NetName=GPIO19 Pin=J4-22
Removed Pin From Net: NetName=GND Pin=J4-23
Removed Pin From Net: NetName=GPIO18 Pin=J4-24
Removed Pin From Net: NetName=GND Pin=J4-25
Removed Pin From Net: NetName=GPIO17 Pin=J4-26
Removed Pin From Net: NetName=GND Pin=J4-27
Removed Pin From Net: NetName=GPIO16 Pin=J4-28
Removed Pin From Net: NetName=GND Pin=J4-29
Removed Pin From Net: NetName=RUN Pin=J4-30
Removed Pin From Net: NetName=GND Pin=J4-31
Removed Pin From Net: NetName=SWDIO Pin=J4-32
Removed Pin From Net: NetName=GND Pin=J4-33
Removed Pin From Net: NetName=SWCLK Pin=J4-34
Change Component Footprint: Designator=J3 Old Footprint=SMTC-ESQ-118-44-X-D New Footprint=61303621121
Change Component Footprint: Designator=J4 Old Footprint=SMTC-ESQ-118-44-X-D New Footprint=61303621121
Change Component Comment : Designator=J3 Old Comment=ESQ-118-44-L-D New Comment=61303621121
Change Component Comment : Designator=J4 Old Comment=ESQ-118-44-L-D New Comment=61303621121
Change Managed Component Library Link : Designator=J3 Old VaultGUID=B7D15EC3-160A-466F-A46C-7801FE6295A7 New VaultGUID=B7D15EC3-160A-466F-A46C-7801FE6295A7 Old ItemGUID=F5161289-2C37-46EB-9AFF-B06C086160C3 New ItemGUID=86E8B935-CD07-447C-A2B9-FAE5B65B8D7A Old RevisionGUID=44738164-6A3D-4E01-BFA6-07466BE043A2 New RevisionGUID=5074F833-20FA-4AD1-AE94-C6318698704E
Change Managed Component Library Link : Designator=J4 Old VaultGUID=B7D15EC3-160A-466F-A46C-7801FE6295A7 New VaultGUID=B7D15EC3-160A-466F-A46C-7801FE6295A7 Old ItemGUID=F5161289-2C37-46EB-9AFF-B06C086160C3 New ItemGUID=86E8B935-CD07-447C-A2B9-FAE5B65B8D7A Old RevisionGUID=44738164-6A3D-4E01-BFA6-07466BE043A2 New RevisionGUID=5074F833-20FA-4AD1-AE94-C6318698704E
Change component parameters: Designator = "J3" ("J3"); Footprint = "SMTC-ESQ-118-44-X-D"; UniqueID = "\HUKYQWHN" ("\HUKYQWHN")
Change component parameters (AddParameter): Name = "Category"; Value = "Connectors"; VariantName = "[No Variations]"
Change component parameters (AddParameter): Name = "Color"; Value = "Black"; VariantName = "[No Variations]"
Change component parameters (AddParameter): Name = "ComponentLink1Description"; Value = "http://www.farnell.com/datasheets/1442180.pdf?src-supplier=Farnell"; VariantName = "[No Variations]"
Change component parameters (AddParameter): Name = "ComponentLink1URL"; Value = "http://www.farnell.com/datasheets/1442180.pdf?src-supplier=Farnell"; VariantName = "[No Variations]"
Change component parameters (AddParameter): Name = "ComponentLink2Description"; Value = "http://www.farnell.com/datasheets/1442180.pdf?src-supplier=Newark"; VariantName = "[No Variations]"
Change component parameters (AddParameter): Name = "ComponentLink2URL"; Value = "http://www.farnell.com/datasheets/1442180.pdf?src-supplier=Newark"; VariantName = "[No Variations]"
Change component parameters (AddParameter): Name = "ComponentLink3Description"; Value = "http://www.farnell.com/datasheets/1442180.pdf?src-supplier=Element14"; VariantName = "[No Variations]"
Change component parameters (AddParameter): Name = "ComponentLink3URL"; Value = "http://www.farnell.com/datasheets/1442180.pdf?src-supplier=Element14"; VariantName = "[No Variations]"
Change component parameters (AddParameter): Name = "ComponentLink4Description"; Value = "https://katalog.we-online.de/em/datasheet/6130xx21121.pdf?src-supplier=Digi-Key"; VariantName = "[No Variations]"
Change component parameters (AddParameter): Name = "ComponentLink4URL"; Value = "https://katalog.we-online.de/em/datasheet/6130xx21121.pdf?src-supplier=Digi-Key"; VariantName = "[No Variations]"
Change component parameters (AddParameter): Name = "Connector Type"; Value = "Header"; VariantName = "[No Variations]"
Change component parameters (AddParameter): Name = "Contact Finish - Mating"; Value = "GOLD"; VariantName = "[No Variations]"
Change component parameters (AddParameter): Name = "Contact Material"; Value = "Copper Alloy,Copper"; VariantName = "[No Variations]"
Change component parameters (AddParameter): Name = "Contact Mating Length"; Value = "0.236inch"; VariantName = "[No Variations]"
Change component parameters (AddParameter): Name = "Contact Plating"; Value = "Gold"; VariantName = "[No Variations]"
Change component parameters (AddParameter): Name = "Contact Resistance"; Value = "20mOhm"; VariantName = "[No Variations]"
Change component parameters (AddParameter): Name = "Contact Shape"; Value = "Square"; VariantName = "[No Variations]"
Change component parameters (AddParameter): Name = "Contact Type"; Value = "Male Pin"; VariantName = "[No Variations]"
Change component parameters (AddParameter): Name = "Datasheet URL"; Value = "https://katalog.we-online.de/em/datasheet/6130xx21121.pdf"; VariantName = "[No Variations]"
Change component parameters (AddParameter): Name = "Fastening Type"; Value = "Pull"; VariantName = "[No Variations]"
Change component parameters (AddParameter): Name = "Flammability Rating"; Value = "UL94 V-0"; VariantName = "[No Variations]"
Change component parameters (AddParameter): Name = "Gender"; Value = "Male"; VariantName = "[No Variations]"
Change component parameters (AddParameter): Name = "Insulation Color"; Value = "Black"; VariantName = "[No Variations]"
Change component parameters (AddParameter): Name = "Insulation Material"; Value = "Nylon"; VariantName = "[No Variations]"
Change component parameters (AddParameter): Name = "Manufacturer"; Value = "Wurth Elektronik"; VariantName = "[No Variations]"
Change component parameters (AddParameter): Name = "Manufacturer Part Number"; Value = "61303621121"; VariantName = "[No Variations]"
Change component parameters (AddParameter): Name = "Manufacturer URL"; Value = "http://www.we-online.de"; VariantName = "[No Variations]"
Change component parameters (AddParameter): Name = "Max Operating Temperature"; Value = "105°C"; VariantName = "[No Variations]"
Change component parameters (AddParameter): Name = "Min Operating Temperature"; Value = "-40°C"; VariantName = "[No Variations]"
Change component parameters (AddParameter): Name = "Mount"; Value = "Through Hole"; VariantName = "[No Variations]"
Change component parameters (AddParameter): Name = "Mounting Technology"; Value = "THT"; VariantName = "[No Variations]"
Change component parameters (AddParameter): Name = "Number of Contacts"; Value = "36"; VariantName = "[No Variations]"
Change component parameters (AddParameter): Name = "Number of Positions"; Value = "36"; VariantName = "[No Variations]"
Change component parameters (AddParameter): Name = "Number of Rows"; Value = "2"; VariantName = "[No Variations]"
Change component parameters (AddParameter): Name = "Operating Temperature"; Value = "-40to105degC"; VariantName = "[No Variations]"
Change component parameters (AddParameter): Name = "Orientation"; Value = "Vertical"; VariantName = "[No Variations]"
Change component parameters (AddParameter): Name = "Package Reference"; Value = "61303621121"; VariantName = "[No Variations]"
Change component parameters (AddParameter): Name = "Packaging"; Value = "Bag"; VariantName = "[No Variations]"
Change component parameters (AddParameter): Name = "Part Number"; Value = "61303621121"; VariantName = "[No Variations]"
Change component parameters (AddParameter): Name = "Pin Number"; Value = "36"; VariantName = "[No Variations]"
Change component parameters (AddParameter): Name = "Pitch"; Value = "2.54mm"; VariantName = "[No Variations]"
Change component parameters (AddParameter): Name = "Pricing 1"; Value = "1=1.84000, 10=1.55900, 25=1.30000, 50=1.08400, 100=0.98500, 500=0.89500 (USD)"; VariantName = "[No Variations]"
Change component parameters (AddParameter): Name = "Publisher"; Value = "WurthElektronik"; VariantName = "[No Variations]"
Change component parameters (AddParameter): Name = "Rated Current"; Value = "3A"; VariantName = "[No Variations]"
Change component parameters (AddParameter): Name = "RoHS"; Value = "Yes"; VariantName = "[No Variations]"
Change component parameters (AddParameter): Name = "RoHS Compliant"; Value = "Yes"; VariantName = "[No Variations]"
Change component parameters (AddParameter): Name = "Row Number"; Value = "Dual"; VariantName = "[No Variations]"
Change component parameters (AddParameter): Name = "Row Spacing"; Value = "0.1inch"; VariantName = "[No Variations]"
Change component parameters (AddParameter): Name = "Series"; Value = "WR-PHD"; VariantName = "[No Variations]"
Change component parameters (AddParameter): Name = "Stock 1"; Value = "1395"; VariantName = "[No Variations]"
Change component parameters (AddParameter): Name = "Supplier 1"; Value = "Digi-Key"; VariantName = "[No Variations]"
Change component parameters (AddParameter): Name = "Supplier Part Number 1"; Value = "732-5309-ND"; VariantName = "[No Variations]"
Change component parameters (AddParameter): Name = "Termination"; Value = "Solder"; VariantName = "[No Variations]"
Change component parameters (AddParameter): Name = "Voltage Rating"; Value = "250V"; VariantName = "[No Variations]"
Change component parameters (AddParameter): Name = "Withstanding Voltage"; Value = "500VAC"; VariantName = "[No Variations]"
Change component parameters (AddParameter): Name = "Working Voltage"; Value = "250VAC"; VariantName = "[No Variations]"
Change component parameters: Designator = "J4" ("J4"); Footprint = "SMTC-ESQ-118-44-X-D"; UniqueID = "\KPOXVUEU" ("\KPOXVUEU")
Change component parameters (AddParameter): Name = "Category"; Value = "Connectors"; VariantName = "[No Variations]"
Change component parameters (AddParameter): Name = "Color"; Value = "Black"; VariantName = "[No Variations]"
Change component parameters (AddParameter): Name = "ComponentLink1Description"; Value = "http://www.farnell.com/datasheets/1442180.pdf?src-supplier=Farnell"; VariantName = "[No Variations]"
Change component parameters (AddParameter): Name = "ComponentLink1URL"; Value = "http://www.farnell.com/datasheets/1442180.pdf?src-supplier=Farnell"; VariantName = "[No Variations]"
Change component parameters (AddParameter): Name = "ComponentLink2Description"; Value = "http://www.farnell.com/datasheets/1442180.pdf?src-supplier=Newark"; VariantName = "[No Variations]"
Change component parameters (AddParameter): Name = "ComponentLink2URL"; Value = "http://www.farnell.com/datasheets/1442180.pdf?src-supplier=Newark"; VariantName = "[No Variations]"
Change component parameters (AddParameter): Name = "ComponentLink3Description"; Value = "http://www.farnell.com/datasheets/1442180.pdf?src-supplier=Element14"; VariantName = "[No Variations]"
Change component parameters (AddParameter): Name = "ComponentLink3URL"; Value = "http://www.farnell.com/datasheets/1442180.pdf?src-supplier=Element14"; VariantName = "[No Variations]"
Change component parameters (AddParameter): Name = "ComponentLink4Description"; Value = "https://katalog.we-online.de/em/datasheet/6130xx21121.pdf?src-supplier=Digi-Key"; VariantName = "[No Variations]"
Change component parameters (AddParameter): Name = "ComponentLink4URL"; Value = "https://katalog.we-online.de/em/datasheet/6130xx21121.pdf?src-supplier=Digi-Key"; VariantName = "[No Variations]"
Change component parameters (AddParameter): Name = "Connector Type"; Value = "Header"; VariantName = "[No Variations]"
Change component parameters (AddParameter): Name = "Contact Finish - Mating"; Value = "GOLD"; VariantName = "[No Variations]"
Change component parameters (AddParameter): Name = "Contact Material"; Value = "Copper Alloy,Copper"; VariantName = "[No Variations]"
Change component parameters (AddParameter): Name = "Contact Mating Length"; Value = "0.236inch"; VariantName = "[No Variations]"
Change component parameters (AddParameter): Name = "Contact Plating"; Value = "Gold"; VariantName = "[No Variations]"
Change component parameters (AddParameter): Name = "Contact Resistance"; Value = "20mOhm"; VariantName = "[No Variations]"
Change component parameters (AddParameter): Name = "Contact Shape"; Value = "Square"; VariantName = "[No Variations]"
Change component parameters (AddParameter): Name = "Contact Type"; Value = "Male Pin"; VariantName = "[No Variations]"
Change component parameters (AddParameter): Name = "Datasheet URL"; Value = "https://katalog.we-online.de/em/datasheet/6130xx21121.pdf"; VariantName = "[No Variations]"
Change component parameters (AddParameter): Name = "Fastening Type"; Value = "Pull"; VariantName = "[No Variations]"
Change component parameters (AddParameter): Name = "Flammability Rating"; Value = "UL94 V-0"; VariantName = "[No Variations]"
Change component parameters (AddParameter): Name = "Gender"; Value = "Male"; VariantName = "[No Variations]"
Change component parameters (AddParameter): Name = "Insulation Color"; Value = "Black"; VariantName = "[No Variations]"
Change component parameters (AddParameter): Name = "Insulation Material"; Value = "Nylon"; VariantName = "[No Variations]"
Change component parameters (AddParameter): Name = "Manufacturer"; Value = "Wurth Elektronik"; VariantName = "[No Variations]"
Change component parameters (AddParameter): Name = "Manufacturer Part Number"; Value = "61303621121"; VariantName = "[No Variations]"
Change component parameters (AddParameter): Name = "Manufacturer URL"; Value = "http://www.we-online.de"; VariantName = "[No Variations]"
Change component parameters (AddParameter): Name = "Max Operating Temperature"; Value = "105°C"; VariantName = "[No Variations]"
Change component parameters (AddParameter): Name = "Min Operating Temperature"; Value = "-40°C"; VariantName = "[No Variations]"
Change component parameters (AddParameter): Name = "Mount"; Value = "Through Hole"; VariantName = "[No Variations]"
Change component parameters (AddParameter): Name = "Mounting Technology"; Value = "THT"; VariantName = "[No Variations]"
Change component parameters (AddParameter): Name = "Number of Contacts"; Value = "36"; VariantName = "[No Variations]"
Change component parameters (AddParameter): Name = "Number of Positions"; Value = "36"; VariantName = "[No Variations]"
Change component parameters (AddParameter): Name = "Number of Rows"; Value = "2"; VariantName = "[No Variations]"
Change component parameters (AddParameter): Name = "Operating Temperature"; Value = "-40to105degC"; VariantName = "[No Variations]"
Change component parameters (AddParameter): Name = "Orientation"; Value = "Vertical"; VariantName = "[No Variations]"
Change component parameters (AddParameter): Name = "Package Reference"; Value = "61303621121"; VariantName = "[No Variations]"
Change component parameters (AddParameter): Name = "Packaging"; Value = "Bag"; VariantName = "[No Variations]"
Change component parameters (AddParameter): Name = "Part Number"; Value = "61303621121"; VariantName = "[No Variations]"
Change component parameters (AddParameter): Name = "Pin Number"; Value = "36"; VariantName = "[No Variations]"
Change component parameters (AddParameter): Name = "Pitch"; Value = "2.54mm"; VariantName = "[No Variations]"
Change component parameters (AddParameter): Name = "Pricing 1"; Value = "1=1.84000, 10=1.55900, 25=1.30000, 50=1.08400, 100=0.98500, 500=0.89500 (USD)"; VariantName = "[No Variations]"
Change component parameters (AddParameter): Name = "Publisher"; Value = "WurthElektronik"; VariantName = "[No Variations]"
Change component parameters (AddParameter): Name = "Rated Current"; Value = "3A"; VariantName = "[No Variations]"
Change component parameters (AddParameter): Name = "RoHS"; Value = "Yes"; VariantName = "[No Variations]"
Change component parameters (AddParameter): Name = "RoHS Compliant"; Value = "Yes"; VariantName = "[No Variations]"
Change component parameters (AddParameter): Name = "Row Number"; Value = "Dual"; VariantName = "[No Variations]"
Change component parameters (AddParameter): Name = "Row Spacing"; Value = "0.1inch"; VariantName = "[No Variations]"
Change component parameters (AddParameter): Name = "Series"; Value = "WR-PHD"; VariantName = "[No Variations]"
Change component parameters (AddParameter): Name = "Stock 1"; Value = "1395"; VariantName = "[No Variations]"
Change component parameters (AddParameter): Name = "Supplier 1"; Value = "Digi-Key"; VariantName = "[No Variations]"
Change component parameters (AddParameter): Name = "Supplier Part Number 1"; Value = "732-5309-ND"; VariantName = "[No Variations]"
Change component parameters (AddParameter): Name = "Termination"; Value = "Solder"; VariantName = "[No Variations]"
Change component parameters (AddParameter): Name = "Voltage Rating"; Value = "250V"; VariantName = "[No Variations]"
Change component parameters (AddParameter): Name = "Withstanding Voltage"; Value = "500VAC"; VariantName = "[No Variations]"
Change component parameters (AddParameter): Name = "Working Voltage"; Value = "250VAC"; VariantName = "[No Variations]"
Added Pin To Net: NetName=GND Pin=J3-1
Added Pin To Net: NetName=ADC_AVDD Pin=J3-2
Added Pin To Net: NetName=GND Pin=J3-3
Added Pin To Net: NetName=GPIO0 Pin=J3-4
Added Pin To Net: NetName=GND Pin=J3-5
Added Pin To Net: NetName=GPIO1 Pin=J3-6
Added Pin To Net: NetName=GND Pin=J3-7
Added Pin To Net: NetName=GPIO2 Pin=J3-8
Added Pin To Net: NetName=GND Pin=J3-9
Added Pin To Net: NetName=GPIO3 Pin=J3-10
Added Pin To Net: NetName=GND Pin=J3-11
Added Pin To Net: NetName=GPIO4 Pin=J3-12
Added Pin To Net: NetName=GND Pin=J3-13
Added Pin To Net: NetName=GPIO5 Pin=J3-14
Added Pin To Net: NetName=GND Pin=J3-15
Added Pin To Net: NetName=GPIO6 Pin=J3-16
Added Pin To Net: NetName=GND Pin=J3-17
Added Pin To Net: NetName=GPIO7 Pin=J3-18
Added Pin To Net: NetName=GND Pin=J3-19
Added Pin To Net: NetName=GPIO8 Pin=J3-20
Added Pin To Net: NetName=GND Pin=J3-21
Added Pin To Net: NetName=GPIO9 Pin=J3-22
Added Pin To Net: NetName=GND Pin=J3-23
Added Pin To Net: NetName=GPIO10 Pin=J3-24
Added Pin To Net: NetName=GND Pin=J3-25
Added Pin To Net: NetName=GPIO11 Pin=J3-26
Added Pin To Net: NetName=GND Pin=J3-27
Added Pin To Net: NetName=GPIO12 Pin=J3-28
Added Pin To Net: NetName=GND Pin=J3-29
Added Pin To Net: NetName=GPIO13 Pin=J3-30
Added Pin To Net: NetName=GND Pin=J3-31
Added Pin To Net: NetName=GPIO14 Pin=J3-32
Added Pin To Net: NetName=GND Pin=J3-33
Added Pin To Net: NetName=GPIO15 Pin=J3-34
Added Pin To Net: NetName=GPIO29 Pin=J4-1
Added Pin To Net: NetName=GND Pin=J4-2
Added Pin To Net: NetName=GPIO28 Pin=J4-3
Added Pin To Net: NetName=GND Pin=J4-4
Added Pin To Net: NetName=GPIO27 Pin=J4-5
Added Pin To Net: NetName=GND Pin=J4-6
Added Pin To Net: NetName=GPIO26 Pin=J4-7
Added Pin To Net: NetName=GND Pin=J4-8
Added Pin To Net: NetName=GPIO25 Pin=J4-9
Added Pin To Net: NetName=GND Pin=J4-10
Added Pin To Net: NetName=GPIO24 Pin=J4-11
Added Pin To Net: NetName=GND Pin=J4-12
Added Pin To Net: NetName=GPIO23 Pin=J4-13
Added Pin To Net: NetName=GND Pin=J4-14
Added Pin To Net: NetName=GPIO22 Pin=J4-15
Added Pin To Net: NetName=GND Pin=J4-16
Added Pin To Net: NetName=GPIO21 Pin=J4-17
Added Pin To Net: NetName=GND Pin=J4-18
Added Pin To Net: NetName=GPIO20 Pin=J4-19
Added Pin To Net: NetName=GND Pin=J4-20
Added Pin To Net: NetName=GPIO19 Pin=J4-21
Added Pin To Net: NetName=GND Pin=J4-22
Added Pin To Net: NetName=GPIO18 Pin=J4-23
Added Pin To Net: NetName=GND Pin=J4-24
Added Pin To Net: NetName=GPIO17 Pin=J4-25
Added Pin To Net: NetName=GND Pin=J4-26
Added Pin To Net: NetName=GPIO16 Pin=J4-27
Added Pin To Net: NetName=GND Pin=J4-28
Added Pin To Net: NetName=RUN Pin=J4-29
Added Pin To Net: NetName=GND Pin=J4-30
Added Pin To Net: NetName=SWDIO Pin=J4-31
Added Pin To Net: NetName=GND Pin=J4-32
Added Pin To Net: NetName=SWCLK Pin=J4-33
Added Pin To Net: NetName=GND Pin=J4-34
